============================= test session starts =============================
platform win32 -- Python 3.12.6, pytest-9.0.2, pluggy-1.6.0
rootdir: D:\ReactJSLearning\Synapse\backend
configfile: pyproject.toml
plugins: anyio-4.11.0, asyncio-1.3.0
asyncio: mode=Mode.STRICT, debug=False, asyncio_default_fixture_loop_scope=None, asyncio_default_test_loop_scope=function
collected 2 items

src\tests\modules\scheduling_engine\test_optimization.py ..              [100%]

============================== 2 passed in 6.29s ==============================
